{"/home/chrish/node_workspace/poker-server/src/game/hand-ranker.ts": {"path":"/home/chrish/node_workspace/poker-server/src/game/hand-ranker.ts","statementMap":{"0":{"start":{"line":64,"column":19},"end":{"line":64,"column":20}},"1":{"start":{"line":65,"column":8},"end":{"line":65,"column":9}},"2":{"start":{"line":66,"column":15},"end":{"line":66,"column":16}},"3":{"start":{"line":67,"column":10},"end":{"line":67,"column":11}},"4":{"start":{"line":68,"column":13},"end":{"line":68,"column":14}},"5":{"start":{"line":69,"column":11},"end":{"line":69,"column":12}},"6":{"start":{"line":70,"column":13},"end":{"line":70,"column":14}},"7":{"start":{"line":71,"column":9},"end":{"line":71,"column":10}},"8":{"start":{"line":72,"column":14},"end":{"line":72,"column":15}},"9":{"start":{"line":73,"column":14},"end":{"line":73,"column":15}},"10":{"start":{"line":75,"column":8},"end":{"line":75,"column":10}},"11":{"start":{"line":78,"column":23},"end":{"line":78,"column":32}},"12":{"start":{"line":79,"column":21},"end":{"line":79,"column":23}},"13":{"start":{"line":80,"column":21},"end":{"line":80,"column":23}},"14":{"start":{"line":81,"column":21},"end":{"line":81,"column":23}},"15":{"start":{"line":82,"column":20},"end":{"line":82,"column":22}},"16":{"start":{"line":83,"column":23},"end":{"line":83,"column":25}},"17":{"start":{"line":84,"column":25},"end":{"line":84,"column":27}},"18":{"start":{"line":87,"column":13},"end":{"line":87,"column":14}},"19":{"start":{"line":88,"column":24},"end":{"line":88,"column":26}},"20":{"start":{"line":89,"column":24},"end":{"line":89,"column":26}},"21":{"start":{"line":92,"column":4},"end":{"line":92,"column":36}},"22":{"start":{"line":93,"column":4},"end":{"line":93,"column":36}},"23":{"start":{"line":94,"column":4},"end":{"line":94,"column":35}},"24":{"start":{"line":95,"column":4},"end":{"line":95,"column":38}},"25":{"start":{"line":104,"column":4},"end":{"line":104,"column":29}},"26":{"start":{"line":105,"column":4},"end":{"line":105,"column":40}},"27":{"start":{"line":107,"column":4},"end":{"line":107,"column":26}},"28":{"start":{"line":108,"column":4},"end":{"line":108,"column":27}},"29":{"start":{"line":109,"column":4},"end":{"line":109,"column":27}},"30":{"start":{"line":110,"column":4},"end":{"line":110,"column":29}},"31":{"start":{"line":112,"column":4},"end":{"line":112,"column":22}},"32":{"start":{"line":113,"column":4},"end":{"line":113,"column":30}},"33":{"start":{"line":124,"column":4},"end":{"line":126,"column":5}},"34":{"start":{"line":125,"column":6},"end":{"line":125,"column":39}},"35":{"start":{"line":127,"column":4},"end":{"line":129,"column":5}},"36":{"start":{"line":128,"column":6},"end":{"line":128,"column":39}},"37":{"start":{"line":130,"column":4},"end":{"line":132,"column":5}},"38":{"start":{"line":131,"column":6},"end":{"line":131,"column":38}},"39":{"start":{"line":133,"column":4},"end":{"line":135,"column":5}},"40":{"start":{"line":134,"column":6},"end":{"line":134,"column":41}},"41":{"start":{"line":137,"column":4},"end":{"line":143,"column":5}},"42":{"start":{"line":138,"column":22},"end":{"line":138,"column":65}},"43":{"start":{"line":139,"column":6},"end":{"line":139,"column":65}},"44":{"start":{"line":142,"column":6},"end":{"line":142,"column":53}},"45":{"start":{"line":144,"column":4},"end":{"line":144,"column":34}},"46":{"start":{"line":145,"column":4},"end":{"line":147,"column":5}},"47":{"start":{"line":146,"column":6},"end":{"line":146,"column":42}},"48":{"start":{"line":160,"column":30},"end":{"line":160,"column":84}},"49":{"start":{"line":161,"column":24},"end":{"line":161,"column":66}},"50":{"start":{"line":162,"column":4},"end":{"line":162,"column":42}},"51":{"start":{"line":163,"column":4},"end":{"line":163,"column":22}},"52":{"start":{"line":164,"column":4},"end":{"line":164,"column":38}},"53":{"start":{"line":165,"column":4},"end":{"line":165,"column":51}},"54":{"start":{"line":166,"column":4},"end":{"line":166,"column":60}},"55":{"start":{"line":167,"column":4},"end":{"line":167,"column":26}},"56":{"start":{"line":198,"column":4},"end":{"line":200,"column":5}},"57":{"start":{"line":199,"column":6},"end":{"line":199,"column":19}},"58":{"start":{"line":203,"column":4},"end":{"line":210,"column":5}},"59":{"start":{"line":203,"column":24},"end":{"line":203,"column":25}},"60":{"start":{"line":205,"column":6},"end":{"line":209,"column":7}},"61":{"start":{"line":206,"column":8},"end":{"line":206,"column":38}},"62":{"start":{"line":207,"column":8},"end":{"line":207,"column":50}},"63":{"start":{"line":208,"column":8},"end":{"line":208,"column":20}},"64":{"start":{"line":213,"column":4},"end":{"line":219,"column":5}},"65":{"start":{"line":214,"column":6},"end":{"line":218,"column":7}},"66":{"start":{"line":215,"column":8},"end":{"line":215,"column":38}},"67":{"start":{"line":216,"column":8},"end":{"line":216,"column":31}},"68":{"start":{"line":217,"column":8},"end":{"line":217,"column":20}},"69":{"start":{"line":221,"column":4},"end":{"line":221,"column":17}},"70":{"start":{"line":235,"column":4},"end":{"line":251,"column":5}},"71":{"start":{"line":237,"column":6},"end":{"line":250,"column":7}},"72":{"start":{"line":238,"column":8},"end":{"line":238,"column":37}},"73":{"start":{"line":240,"column":8},"end":{"line":249,"column":9}},"74":{"start":{"line":241,"column":10},"end":{"line":241,"column":46}},"75":{"start":{"line":245,"column":10},"end":{"line":245,"column":37}},"76":{"start":{"line":246,"column":10},"end":{"line":248,"column":11}},"77":{"start":{"line":246,"column":23},"end":{"line":246,"column":24}},"78":{"start":{"line":247,"column":12},"end":{"line":247,"column":41}},"79":{"start":{"line":284,"column":4},"end":{"line":295,"column":5}},"80":{"start":{"line":285,"column":17},"end":{"line":285,"column":42}},"81":{"start":{"line":286,"column":24},"end":{"line":286,"column":68}},"82":{"start":{"line":287,"column":6},"end":{"line":287,"column":40}},"83":{"start":{"line":288,"column":6},"end":{"line":288,"column":47}},"84":{"start":{"line":290,"column":9},"end":{"line":295,"column":5}},"85":{"start":{"line":291,"column":20},"end":{"line":291,"column":45}},"86":{"start":{"line":292,"column":24},"end":{"line":292,"column":68}},"87":{"start":{"line":293,"column":6},"end":{"line":293,"column":40}},"88":{"start":{"line":294,"column":6},"end":{"line":294,"column":50}},"89":{"start":{"line":298,"column":4},"end":{"line":339,"column":5}},"90":{"start":{"line":299,"column":6},"end":{"line":299,"column":32}},"91":{"start":{"line":300,"column":6},"end":{"line":300,"column":47}},"92":{"start":{"line":301,"column":6},"end":{"line":301,"column":47}},"93":{"start":{"line":303,"column":9},"end":{"line":339,"column":5}},"94":{"start":{"line":304,"column":6},"end":{"line":314,"column":7}},"95":{"start":{"line":305,"column":8},"end":{"line":305,"column":40}},"96":{"start":{"line":306,"column":8},"end":{"line":306,"column":49}},"97":{"start":{"line":307,"column":8},"end":{"line":307,"column":49}},"98":{"start":{"line":309,"column":11},"end":{"line":314,"column":7}},"99":{"start":{"line":310,"column":8},"end":{"line":310,"column":36}},"100":{"start":{"line":311,"column":8},"end":{"line":311,"column":49}},"101":{"start":{"line":312,"column":8},"end":{"line":312,"column":49}},"102":{"start":{"line":313,"column":8},"end":{"line":313,"column":49}},"103":{"start":{"line":316,"column":9},"end":{"line":339,"column":5}},"104":{"start":{"line":317,"column":6},"end":{"line":329,"column":7}},"105":{"start":{"line":318,"column":8},"end":{"line":318,"column":38}},"106":{"start":{"line":319,"column":8},"end":{"line":319,"column":49}},"107":{"start":{"line":320,"column":8},"end":{"line":320,"column":49}},"108":{"start":{"line":321,"column":8},"end":{"line":321,"column":49}},"109":{"start":{"line":323,"column":10},"end":{"line":329,"column":7}},"110":{"start":{"line":324,"column":8},"end":{"line":324,"column":34}},"111":{"start":{"line":325,"column":8},"end":{"line":325,"column":49}},"112":{"start":{"line":326,"column":8},"end":{"line":326,"column":49}},"113":{"start":{"line":327,"column":8},"end":{"line":327,"column":49}},"114":{"start":{"line":328,"column":8},"end":{"line":328,"column":49}},"115":{"start":{"line":332,"column":9},"end":{"line":339,"column":5}},"116":{"start":{"line":333,"column":6},"end":{"line":333,"column":37}},"117":{"start":{"line":334,"column":6},"end":{"line":334,"column":47}},"118":{"start":{"line":335,"column":6},"end":{"line":335,"column":47}},"119":{"start":{"line":336,"column":6},"end":{"line":336,"column":47}},"120":{"start":{"line":337,"column":6},"end":{"line":337,"column":47}},"121":{"start":{"line":338,"column":6},"end":{"line":338,"column":47}},"122":{"start":{"line":371,"column":19},"end":{"line":378,"column":3}},"123":{"start":{"line":372,"column":4},"end":{"line":377,"column":5}},"124":{"start":{"line":373,"column":6},"end":{"line":373,"column":25}},"125":{"start":{"line":376,"column":6},"end":{"line":376,"column":25}},"126":{"start":{"line":384,"column":17},"end":{"line":386,"column":3}},"127":{"start":{"line":385,"column":4},"end":{"line":385,"column":17}},"128":{"start":{"line":392,"column":15},"end":{"line":394,"column":3}},"129":{"start":{"line":393,"column":4},"end":{"line":393,"column":23}}},"fnMap":{"0":{"name":"(anonymous_0)","decl":{"start":{"line":91,"column":2},"end":{"line":91,"column":3}},"loc":{"start":{"line":91,"column":15},"end":{"line":96,"column":3}},"line":91},"1":{"name":"(anonymous_1)","decl":{"start":{"line":102,"column":2},"end":{"line":102,"column":3}},"loc":{"start":{"line":102,"column":9},"end":{"line":114,"column":3}},"line":102},"2":{"name":"(anonymous_2)","decl":{"start":{"line":123,"column":2},"end":{"line":123,"column":3}},"loc":{"start":{"line":123,"column":27},"end":{"line":148,"column":3}},"line":123},"3":{"name":"(anonymous_3)","decl":{"start":{"line":159,"column":2},"end":{"line":159,"column":3}},"loc":{"start":{"line":159,"column":14},"end":{"line":168,"column":3}},"line":159},"4":{"name":"(anonymous_4)","decl":{"start":{"line":196,"column":2},"end":{"line":196,"column":3}},"loc":{"start":{"line":196,"column":37},"end":{"line":222,"column":3}},"line":196},"5":{"name":"(anonymous_5)","decl":{"start":{"line":233,"column":2},"end":{"line":233,"column":3}},"loc":{"start":{"line":233,"column":14},"end":{"line":252,"column":3}},"line":233},"6":{"name":"(anonymous_6)","decl":{"start":{"line":283,"column":2},"end":{"line":283,"column":3}},"loc":{"start":{"line":283,"column":49},"end":{"line":340,"column":3}},"line":283},"7":{"name":"(anonymous_7)","decl":{"start":{"line":371,"column":19},"end":{"line":371,"column":20}},"loc":{"start":{"line":371,"column":49},"end":{"line":378,"column":3}},"line":371},"8":{"name":"(anonymous_8)","decl":{"start":{"line":384,"column":17},"end":{"line":384,"column":18}},"loc":{"start":{"line":384,"column":43},"end":{"line":386,"column":3}},"line":384},"9":{"name":"(anonymous_9)","decl":{"start":{"line":392,"column":15},"end":{"line":392,"column":16}},"loc":{"start":{"line":392,"column":45},"end":{"line":394,"column":3}},"line":392}},"branchMap":{"0":{"loc":{"start":{"line":124,"column":4},"end":{"line":126,"column":5}},"type":"if","locations":[{"start":{"line":124,"column":4},"end":{"line":126,"column":5}},{"start":{"line":124,"column":4},"end":{"line":126,"column":5}}],"line":124},"1":{"loc":{"start":{"line":127,"column":4},"end":{"line":129,"column":5}},"type":"if","locations":[{"start":{"line":127,"column":4},"end":{"line":129,"column":5}},{"start":{"line":127,"column":4},"end":{"line":129,"column":5}}],"line":127},"2":{"loc":{"start":{"line":130,"column":4},"end":{"line":132,"column":5}},"type":"if","locations":[{"start":{"line":130,"column":4},"end":{"line":132,"column":5}},{"start":{"line":130,"column":4},"end":{"line":132,"column":5}}],"line":130},"3":{"loc":{"start":{"line":133,"column":4},"end":{"line":135,"column":5}},"type":"if","locations":[{"start":{"line":133,"column":4},"end":{"line":135,"column":5}},{"start":{"line":133,"column":4},"end":{"line":135,"column":5}}],"line":133},"4":{"loc":{"start":{"line":137,"column":4},"end":{"line":143,"column":5}},"type":"if","locations":[{"start":{"line":137,"column":4},"end":{"line":143,"column":5}},{"start":{"line":137,"column":4},"end":{"line":143,"column":5}}],"line":137},"5":{"loc":{"start":{"line":145,"column":4},"end":{"line":147,"column":5}},"type":"if","locations":[{"start":{"line":145,"column":4},"end":{"line":147,"column":5}},{"start":{"line":145,"column":4},"end":{"line":147,"column":5}}],"line":145},"6":{"loc":{"start":{"line":198,"column":4},"end":{"line":200,"column":5}},"type":"if","locations":[{"start":{"line":198,"column":4},"end":{"line":200,"column":5}},{"start":{"line":198,"column":4},"end":{"line":200,"column":5}}],"line":198},"7":{"loc":{"start":{"line":198,"column":8},"end":{"line":198,"column":62}},"type":"binary-expr","locations":[{"start":{"line":198,"column":8},"end":{"line":198,"column":29}},{"start":{"line":198,"column":33},"end":{"line":198,"column":62}}],"line":198},"8":{"loc":{"start":{"line":205,"column":6},"end":{"line":209,"column":7}},"type":"if","locations":[{"start":{"line":205,"column":6},"end":{"line":209,"column":7}},{"start":{"line":205,"column":6},"end":{"line":209,"column":7}}],"line":205},"9":{"loc":{"start":{"line":213,"column":4},"end":{"line":219,"column":5}},"type":"if","locations":[{"start":{"line":213,"column":4},"end":{"line":219,"column":5}},{"start":{"line":213,"column":4},"end":{"line":219,"column":5}}],"line":213},"10":{"loc":{"start":{"line":214,"column":6},"end":{"line":218,"column":7}},"type":"if","locations":[{"start":{"line":214,"column":6},"end":{"line":218,"column":7}},{"start":{"line":214,"column":6},"end":{"line":218,"column":7}}],"line":214},"11":{"loc":{"start":{"line":237,"column":6},"end":{"line":250,"column":7}},"type":"if","locations":[{"start":{"line":237,"column":6},"end":{"line":250,"column":7}},{"start":{"line":237,"column":6},"end":{"line":250,"column":7}}],"line":237},"12":{"loc":{"start":{"line":240,"column":8},"end":{"line":249,"column":9}},"type":"if","locations":[{"start":{"line":240,"column":8},"end":{"line":249,"column":9}},{"start":{"line":240,"column":8},"end":{"line":249,"column":9}}],"line":240},"13":{"loc":{"start":{"line":284,"column":4},"end":{"line":295,"column":5}},"type":"if","locations":[{"start":{"line":284,"column":4},"end":{"line":295,"column":5}},{"start":{"line":284,"column":4},"end":{"line":295,"column":5}}],"line":284},"14":{"loc":{"start":{"line":290,"column":9},"end":{"line":295,"column":5}},"type":"if","locations":[{"start":{"line":290,"column":9},"end":{"line":295,"column":5}},{"start":{"line":290,"column":9},"end":{"line":295,"column":5}}],"line":290},"15":{"loc":{"start":{"line":290,"column":12},"end":{"line":290,"column":64}},"type":"binary-expr","locations":[{"start":{"line":290,"column":12},"end":{"line":290,"column":36}},{"start":{"line":290,"column":40},"end":{"line":290,"column":64}}],"line":290},"16":{"loc":{"start":{"line":298,"column":4},"end":{"line":339,"column":5}},"type":"if","locations":[{"start":{"line":298,"column":4},"end":{"line":339,"column":5}},{"start":{"line":298,"column":4},"end":{"line":339,"column":5}}],"line":298},"17":{"loc":{"start":{"line":298,"column":8},"end":{"line":298,"column":61}},"type":"binary-expr","locations":[{"start":{"line":298,"column":8},"end":{"line":298,"column":32}},{"start":{"line":298,"column":36},"end":{"line":298,"column":61}}],"line":298},"18":{"loc":{"start":{"line":303,"column":9},"end":{"line":339,"column":5}},"type":"if","locations":[{"start":{"line":303,"column":9},"end":{"line":339,"column":5}},{"start":{"line":303,"column":9},"end":{"line":339,"column":5}}],"line":303},"19":{"loc":{"start":{"line":303,"column":13},"end":{"line":303,"column":72}},"type":"binary-expr","locations":[{"start":{"line":303,"column":13},"end":{"line":303,"column":37}},{"start":{"line":303,"column":41},"end":{"line":303,"column":72}}],"line":303},"20":{"loc":{"start":{"line":304,"column":6},"end":{"line":314,"column":7}},"type":"if","locations":[{"start":{"line":304,"column":6},"end":{"line":314,"column":7}},{"start":{"line":304,"column":6},"end":{"line":314,"column":7}}],"line":304},"21":{"loc":{"start":{"line":309,"column":11},"end":{"line":314,"column":7}},"type":"if","locations":[{"start":{"line":309,"column":11},"end":{"line":314,"column":7}},{"start":{"line":309,"column":11},"end":{"line":314,"column":7}}],"line":309},"22":{"loc":{"start":{"line":309,"column":15},"end":{"line":309,"column":70}},"type":"binary-expr","locations":[{"start":{"line":309,"column":15},"end":{"line":309,"column":39}},{"start":{"line":309,"column":43},"end":{"line":309,"column":70}}],"line":309},"23":{"loc":{"start":{"line":316,"column":9},"end":{"line":339,"column":5}},"type":"if","locations":[{"start":{"line":316,"column":9},"end":{"line":339,"column":5}},{"start":{"line":316,"column":9},"end":{"line":339,"column":5}}],"line":316},"24":{"loc":{"start":{"line":316,"column":13},"end":{"line":316,"column":70}},"type":"binary-expr","locations":[{"start":{"line":316,"column":13},"end":{"line":316,"column":37}},{"start":{"line":316,"column":41},"end":{"line":316,"column":70}}],"line":316},"25":{"loc":{"start":{"line":317,"column":6},"end":{"line":329,"column":7}},"type":"if","locations":[{"start":{"line":317,"column":6},"end":{"line":329,"column":7}},{"start":{"line":317,"column":6},"end":{"line":329,"column":7}}],"line":317},"26":{"loc":{"start":{"line":323,"column":10},"end":{"line":329,"column":7}},"type":"if","locations":[{"start":{"line":323,"column":10},"end":{"line":329,"column":7}},{"start":{"line":323,"column":10},"end":{"line":329,"column":7}}],"line":323},"27":{"loc":{"start":{"line":323,"column":14},"end":{"line":323,"column":67}},"type":"binary-expr","locations":[{"start":{"line":323,"column":14},"end":{"line":323,"column":38}},{"start":{"line":323,"column":42},"end":{"line":323,"column":67}}],"line":323},"28":{"loc":{"start":{"line":332,"column":9},"end":{"line":339,"column":5}},"type":"if","locations":[{"start":{"line":332,"column":9},"end":{"line":339,"column":5}},{"start":{"line":332,"column":9},"end":{"line":339,"column":5}}],"line":332},"29":{"loc":{"start":{"line":372,"column":4},"end":{"line":377,"column":5}},"type":"if","locations":[{"start":{"line":372,"column":4},"end":{"line":377,"column":5}},{"start":{"line":372,"column":4},"end":{"line":377,"column":5}}],"line":372}},"s":{"0":18,"1":18,"2":18,"3":18,"4":18,"5":18,"6":18,"7":18,"8":18,"9":18,"10":18,"11":18,"12":18,"13":18,"14":18,"15":18,"16":18,"17":18,"18":18,"19":18,"20":18,"21":18,"22":18,"23":18,"24":18,"25":1,"26":1,"27":1,"28":1,"29":1,"30":1,"31":1,"32":1,"33":133,"34":0,"35":133,"36":57,"37":133,"38":75,"39":133,"40":1,"41":133,"42":20,"43":20,"44":113,"45":133,"46":133,"47":0,"48":6,"49":6,"50":6,"51":6,"52":6,"53":6,"54":6,"55":6,"56":6,"57":0,"58":6,"59":6,"60":11,"61":0,"62":0,"63":0,"64":6,"65":0,"66":0,"67":0,"68":0,"69":6,"70":6,"71":24,"72":0,"73":0,"74":0,"75":0,"76":0,"77":0,"78":0,"79":6,"80":0,"81":0,"82":0,"83":0,"84":6,"85":0,"86":0,"87":0,"88":0,"89":6,"90":0,"91":0,"92":0,"93":6,"94":1,"95":0,"96":0,"97":0,"98":1,"99":1,"100":1,"101":1,"102":1,"103":5,"104":5,"105":0,"106":0,"107":0,"108":0,"109":5,"110":5,"111":5,"112":5,"113":5,"114":5,"115":0,"116":0,"117":0,"118":0,"119":0,"120":0,"121":0,"122":18,"123":48,"124":36,"125":12,"126":18,"127":59,"128":18,"129":0},"f":{"0":18,"1":1,"2":133,"3":6,"4":6,"5":6,"6":6,"7":48,"8":59,"9":0},"b":{"0":[0,133],"1":[57,76],"2":[75,58],"3":[1,132],"4":[20,113],"5":[0,133],"6":[0,6],"7":[6,6],"8":[0,11],"9":[0,6],"10":[0,0],"11":[0,24],"12":[0,0],"13":[0,6],"14":[0,6],"15":[6,5],"16":[0,6],"17":[6,0],"18":[1,5],"19":[6,1],"20":[0,1],"21":[1,0],"22":[1,1],"23":[5,0],"24":[5,5],"25":[0,5],"26":[5,0],"27":[5,5],"28":[0,0],"29":[36,12]},"_coverageSchema":"1a1c01bbd47fc00a2c39e90264f33305004495a9","hash":"a73fed631a8f92bbe1abf3c8d0a242b694ac32a2"}
,"/home/chrish/node_workspace/poker-server/src/game/player.ts": {"path":"/home/chrish/node_workspace/poker-server/src/game/player.ts","statementMap":{"0":{"start":{"line":13,"column":10},"end":{"line":13,"column":13}},"1":{"start":{"line":15,"column":15},"end":{"line":15,"column":31}},"2":{"start":{"line":16,"column":11},"end":{"line":16,"column":15}},"3":{"start":{"line":17,"column":12},"end":{"line":17,"column":17}},"4":{"start":{"line":18,"column":14},"end":{"line":18,"column":19}},"5":{"start":{"line":19,"column":17},"end":{"line":19,"column":22}},"6":{"start":{"line":22,"column":20},"end":{"line":22,"column":21}},"7":{"start":{"line":23,"column":13},"end":{"line":23,"column":14}},"8":{"start":{"line":24,"column":18},"end":{"line":24,"column":19}},"9":{"start":{"line":25,"column":17},"end":{"line":25,"column":18}},"10":{"start":{"line":26,"column":12},"end":{"line":26,"column":17}},"11":{"start":{"line":27,"column":14},"end":{"line":27,"column":19}},"12":{"start":{"line":28,"column":13},"end":{"line":28,"column":18}},"13":{"start":{"line":29,"column":13},"end":{"line":29,"column":18}},"14":{"start":{"line":30,"column":12},"end":{"line":30,"column":17}},"15":{"start":{"line":31,"column":13},"end":{"line":31,"column":18}},"16":{"start":{"line":34,"column":13},"end":{"line":34,"column":14}},"17":{"start":{"line":35,"column":16},"end":{"line":35,"column":17}},"18":{"start":{"line":38,"column":4},"end":{"line":38,"column":25}},"19":{"start":{"line":39,"column":4},"end":{"line":39,"column":21}},"20":{"start":{"line":43,"column":4},"end":{"line":43,"column":29}},"21":{"start":{"line":50,"column":15},"end":{"line":50,"column":25}},"22":{"start":{"line":51,"column":4},"end":{"line":51,"column":25}},"23":{"start":{"line":52,"column":4},"end":{"line":52,"column":35}},"24":{"start":{"line":59,"column":4},"end":{"line":59,"column":28}},"25":{"start":{"line":60,"column":4},"end":{"line":60,"column":30}},"26":{"start":{"line":68,"column":4},"end":{"line":68,"column":35}},"27":{"start":{"line":77,"column":4},"end":{"line":77,"column":25}},"28":{"start":{"line":78,"column":4},"end":{"line":78,"column":28}},"29":{"start":{"line":81,"column":4},"end":{"line":81,"column":24}},"30":{"start":{"line":82,"column":4},"end":{"line":82,"column":25}},"31":{"start":{"line":83,"column":4},"end":{"line":83,"column":28}},"32":{"start":{"line":86,"column":4},"end":{"line":86,"column":29}},"33":{"start":{"line":87,"column":4},"end":{"line":87,"column":22}},"34":{"start":{"line":88,"column":4},"end":{"line":88,"column":26}},"35":{"start":{"line":89,"column":4},"end":{"line":89,"column":25}},"36":{"start":{"line":90,"column":4},"end":{"line":90,"column":27}},"37":{"start":{"line":91,"column":4},"end":{"line":91,"column":26}},"38":{"start":{"line":92,"column":4},"end":{"line":92,"column":25}},"39":{"start":{"line":93,"column":4},"end":{"line":93,"column":26}},"40":{"start":{"line":96,"column":4},"end":{"line":96,"column":22}},"41":{"start":{"line":97,"column":4},"end":{"line":97,"column":29}},"42":{"start":{"line":105,"column":4},"end":{"line":112,"column":5}},"43":{"start":{"line":106,"column":6},"end":{"line":106,"column":26}},"44":{"start":{"line":107,"column":6},"end":{"line":107,"column":21}},"45":{"start":{"line":108,"column":6},"end":{"line":108,"column":26}},"46":{"start":{"line":111,"column":6},"end":{"line":111,"column":27}},"47":{"start":{"line":113,"column":4},"end":{"line":113,"column":35}},"48":{"start":{"line":114,"column":4},"end":{"line":114,"column":18}},"49":{"start":{"line":122,"column":4},"end":{"line":122,"column":25}},"50":{"start":{"line":123,"column":4},"end":{"line":123,"column":27}},"51":{"start":{"line":124,"column":4},"end":{"line":124,"column":26}},"52":{"start":{"line":125,"column":4},"end":{"line":125,"column":25}},"53":{"start":{"line":126,"column":4},"end":{"line":126,"column":26}},"54":{"start":{"line":176,"column":4},"end":{"line":176,"column":57}},"55":{"start":{"line":177,"column":4},"end":{"line":177,"column":54}},"56":{"start":{"line":179,"column":4},"end":{"line":179,"column":25}},"57":{"start":{"line":182,"column":4},"end":{"line":201,"column":5}},"58":{"start":{"line":183,"column":6},"end":{"line":183,"column":28}},"59":{"start":{"line":184,"column":6},"end":{"line":184,"column":26}},"60":{"start":{"line":188,"column":9},"end":{"line":201,"column":5}},"61":{"start":{"line":189,"column":6},"end":{"line":189,"column":26}},"62":{"start":{"line":190,"column":6},"end":{"line":190,"column":28}},"63":{"start":{"line":191,"column":6},"end":{"line":191,"column":26}},"64":{"start":{"line":196,"column":6},"end":{"line":196,"column":26}},"65":{"start":{"line":197,"column":6},"end":{"line":197,"column":27}},"66":{"start":{"line":198,"column":6},"end":{"line":198,"column":26}},"67":{"start":{"line":199,"column":6},"end":{"line":199,"column":27}},"68":{"start":{"line":200,"column":6},"end":{"line":200,"column":33}},"69":{"start":{"line":204,"column":4},"end":{"line":215,"column":5}},"70":{"start":{"line":205,"column":6},"end":{"line":205,"column":27}},"71":{"start":{"line":209,"column":9},"end":{"line":215,"column":5}},"72":{"start":{"line":210,"column":6},"end":{"line":210,"column":28}},"73":{"start":{"line":211,"column":6},"end":{"line":211,"column":28}},"74":{"start":{"line":212,"column":6},"end":{"line":214,"column":7}},"75":{"start":{"line":213,"column":8},"end":{"line":213,"column":31}},"76":{"start":{"line":223,"column":4},"end":{"line":225,"column":5}},"77":{"start":{"line":224,"column":6},"end":{"line":224,"column":58}},"78":{"start":{"line":226,"column":4},"end":{"line":226,"column":30}},"79":{"start":{"line":227,"column":4},"end":{"line":227,"column":35}},"80":{"start":{"line":228,"column":4},"end":{"line":228,"column":25}},"81":{"start":{"line":229,"column":4},"end":{"line":231,"column":5}},"82":{"start":{"line":230,"column":6},"end":{"line":230,"column":26}},"83":{"start":{"line":235,"column":4},"end":{"line":238,"column":5}},"84":{"start":{"line":236,"column":6},"end":{"line":236,"column":48}},"85":{"start":{"line":237,"column":6},"end":{"line":237,"column":19}},"86":{"start":{"line":239,"column":4},"end":{"line":239,"column":38}},"87":{"start":{"line":240,"column":4},"end":{"line":240,"column":29}},"88":{"start":{"line":244,"column":4},"end":{"line":247,"column":5}},"89":{"start":{"line":245,"column":6},"end":{"line":245,"column":42}},"90":{"start":{"line":246,"column":6},"end":{"line":246,"column":18}},"91":{"start":{"line":248,"column":4},"end":{"line":248,"column":27}},"92":{"start":{"line":249,"column":4},"end":{"line":249,"column":18}},"93":{"start":{"line":253,"column":4},"end":{"line":256,"column":5}},"94":{"start":{"line":254,"column":6},"end":{"line":254,"column":40}},"95":{"start":{"line":255,"column":6},"end":{"line":255,"column":19}},"96":{"start":{"line":257,"column":4},"end":{"line":257,"column":24}},"97":{"start":{"line":259,"column":20},"end":{"line":259,"column":30}},"98":{"start":{"line":260,"column":4},"end":{"line":260,"column":30}},"99":{"start":{"line":261,"column":4},"end":{"line":261,"column":21}},"100":{"start":{"line":265,"column":4},"end":{"line":267,"column":5}},"101":{"start":{"line":266,"column":6},"end":{"line":266,"column":19}},"102":{"start":{"line":268,"column":4},"end":{"line":268,"column":23}},"103":{"start":{"line":272,"column":0},"end":{"line":274,"column":2}}},"fnMap":{"0":{"name":"(anonymous_0)","decl":{"start":{"line":37,"column":2},"end":{"line":37,"column":3}},"loc":{"start":{"line":37,"column":45},"end":{"line":40,"column":3}},"line":37},"1":{"name":"(anonymous_1)","decl":{"start":{"line":42,"column":2},"end":{"line":42,"column":3}},"loc":{"start":{"line":42,"column":14},"end":{"line":44,"column":3}},"line":42},"2":{"name":"(anonymous_2)","decl":{"start":{"line":49,"column":2},"end":{"line":49,"column":3}},"loc":{"start":{"line":49,"column":23},"end":{"line":53,"column":3}},"line":49},"3":{"name":"(anonymous_3)","decl":{"start":{"line":58,"column":2},"end":{"line":58,"column":3}},"loc":{"start":{"line":58,"column":30},"end":{"line":61,"column":3}},"line":58},"4":{"name":"(anonymous_4)","decl":{"start":{"line":67,"column":2},"end":{"line":67,"column":3}},"loc":{"start":{"line":67,"column":22},"end":{"line":69,"column":3}},"line":67},"5":{"name":"(anonymous_5)","decl":{"start":{"line":75,"column":2},"end":{"line":75,"column":3}},"loc":{"start":{"line":75,"column":12},"end":{"line":98,"column":3}},"line":75},"6":{"name":"(anonymous_6)","decl":{"start":{"line":104,"column":2},"end":{"line":104,"column":3}},"loc":{"start":{"line":104,"column":29},"end":{"line":115,"column":3}},"line":104},"7":{"name":"(anonymous_7)","decl":{"start":{"line":121,"column":2},"end":{"line":121,"column":3}},"loc":{"start":{"line":121,"column":17},"end":{"line":127,"column":3}},"line":121},"8":{"name":"(anonymous_8)","decl":{"start":{"line":175,"column":2},"end":{"line":175,"column":3}},"loc":{"start":{"line":175,"column":74},"end":{"line":216,"column":3}},"line":175},"9":{"name":"(anonymous_9)","decl":{"start":{"line":222,"column":2},"end":{"line":222,"column":3}},"loc":{"start":{"line":222,"column":27},"end":{"line":232,"column":3}},"line":222},"10":{"name":"(anonymous_10)","decl":{"start":{"line":234,"column":2},"end":{"line":234,"column":3}},"loc":{"start":{"line":234,"column":8},"end":{"line":241,"column":3}},"line":234},"11":{"name":"(anonymous_11)","decl":{"start":{"line":243,"column":2},"end":{"line":243,"column":3}},"loc":{"start":{"line":243,"column":23},"end":{"line":250,"column":3}},"line":243},"12":{"name":"(anonymous_12)","decl":{"start":{"line":252,"column":2},"end":{"line":252,"column":3}},"loc":{"start":{"line":252,"column":10},"end":{"line":262,"column":3}},"line":252},"13":{"name":"(anonymous_13)","decl":{"start":{"line":264,"column":2},"end":{"line":264,"column":3}},"loc":{"start":{"line":264,"column":8},"end":{"line":269,"column":3}},"line":264}},"branchMap":{"0":{"loc":{"start":{"line":105,"column":4},"end":{"line":112,"column":5}},"type":"if","locations":[{"start":{"line":105,"column":4},"end":{"line":112,"column":5}},{"start":{"line":105,"column":4},"end":{"line":112,"column":5}}],"line":105},"1":{"loc":{"start":{"line":175,"column":51},"end":{"line":175,"column":73}},"type":"default-arg","locations":[{"start":{"line":175,"column":68},"end":{"line":175,"column":73}}],"line":175},"2":{"loc":{"start":{"line":182,"column":4},"end":{"line":201,"column":5}},"type":"if","locations":[{"start":{"line":182,"column":4},"end":{"line":201,"column":5}},{"start":{"line":182,"column":4},"end":{"line":201,"column":5}}],"line":182},"3":{"loc":{"start":{"line":188,"column":9},"end":{"line":201,"column":5}},"type":"if","locations":[{"start":{"line":188,"column":9},"end":{"line":201,"column":5}},{"start":{"line":188,"column":9},"end":{"line":201,"column":5}}],"line":188},"4":{"loc":{"start":{"line":204,"column":4},"end":{"line":215,"column":5}},"type":"if","locations":[{"start":{"line":204,"column":4},"end":{"line":215,"column":5}},{"start":{"line":204,"column":4},"end":{"line":215,"column":5}}],"line":204},"5":{"loc":{"start":{"line":209,"column":9},"end":{"line":215,"column":5}},"type":"if","locations":[{"start":{"line":209,"column":9},"end":{"line":215,"column":5}},{"start":{"line":209,"column":9},"end":{"line":215,"column":5}}],"line":209},"6":{"loc":{"start":{"line":209,"column":13},"end":{"line":209,"column":69}},"type":"binary-expr","locations":[{"start":{"line":209,"column":13},"end":{"line":209,"column":41}},{"start":{"line":209,"column":45},"end":{"line":209,"column":69}}],"line":209},"7":{"loc":{"start":{"line":212,"column":6},"end":{"line":214,"column":7}},"type":"if","locations":[{"start":{"line":212,"column":6},"end":{"line":214,"column":7}},{"start":{"line":212,"column":6},"end":{"line":214,"column":7}}],"line":212},"8":{"loc":{"start":{"line":223,"column":4},"end":{"line":225,"column":5}},"type":"if","locations":[{"start":{"line":223,"column":4},"end":{"line":225,"column":5}},{"start":{"line":223,"column":4},"end":{"line":225,"column":5}}],"line":223},"9":{"loc":{"start":{"line":229,"column":4},"end":{"line":231,"column":5}},"type":"if","locations":[{"start":{"line":229,"column":4},"end":{"line":231,"column":5}},{"start":{"line":229,"column":4},"end":{"line":231,"column":5}}],"line":229},"10":{"loc":{"start":{"line":235,"column":4},"end":{"line":238,"column":5}},"type":"if","locations":[{"start":{"line":235,"column":4},"end":{"line":238,"column":5}},{"start":{"line":235,"column":4},"end":{"line":238,"column":5}}],"line":235},"11":{"loc":{"start":{"line":244,"column":4},"end":{"line":247,"column":5}},"type":"if","locations":[{"start":{"line":244,"column":4},"end":{"line":247,"column":5}},{"start":{"line":244,"column":4},"end":{"line":247,"column":5}}],"line":244},"12":{"loc":{"start":{"line":244,"column":8},"end":{"line":244,"column":88}},"type":"binary-expr","locations":[{"start":{"line":244,"column":8},"end":{"line":244,"column":31}},{"start":{"line":244,"column":35},"end":{"line":244,"column":57}},{"start":{"line":244,"column":61},"end":{"line":244,"column":88}}],"line":244},"13":{"loc":{"start":{"line":253,"column":4},"end":{"line":256,"column":5}},"type":"if","locations":[{"start":{"line":253,"column":4},"end":{"line":256,"column":5}},{"start":{"line":253,"column":4},"end":{"line":256,"column":5}}],"line":253},"14":{"loc":{"start":{"line":253,"column":8},"end":{"line":253,"column":59}},"type":"binary-expr","locations":[{"start":{"line":253,"column":8},"end":{"line":253,"column":32}},{"start":{"line":253,"column":36},"end":{"line":253,"column":59}}],"line":253},"15":{"loc":{"start":{"line":265,"column":4},"end":{"line":267,"column":5}},"type":"if","locations":[{"start":{"line":265,"column":4},"end":{"line":267,"column":5}},{"start":{"line":265,"column":4},"end":{"line":267,"column":5}}],"line":265}},"s":{"0":18,"1":18,"2":18,"3":18,"4":18,"5":18,"6":18,"7":18,"8":18,"9":18,"10":18,"11":18,"12":18,"13":18,"14":18,"15":18,"16":18,"17":18,"18":18,"19":18,"20":0,"21":0,"22":0,"23":0,"24":9,"25":9,"26":133,"27":0,"28":0,"29":0,"30":0,"31":0,"32":0,"33":0,"34":0,"35":0,"36":0,"37":0,"38":0,"39":0,"40":0,"41":0,"42":0,"43":0,"44":0,"45":0,"46":0,"47":0,"48":0,"49":0,"50":0,"51":0,"52":0,"53":0,"54":0,"55":0,"56":0,"57":0,"58":0,"59":0,"60":0,"61":0,"62":0,"63":0,"64":0,"65":0,"66":0,"67":0,"68":0,"69":0,"70":0,"71":0,"72":0,"73":0,"74":0,"75":0,"76":0,"77":0,"78":0,"79":0,"80":0,"81":0,"82":0,"83":0,"84":0,"85":0,"86":0,"87":0,"88":0,"89":0,"90":0,"91":0,"92":0,"93":0,"94":0,"95":0,"96":0,"97":0,"98":0,"99":0,"100":0,"101":0,"102":0,"103":1},"f":{"0":18,"1":0,"2":0,"3":9,"4":133,"5":0,"6":0,"7":0,"8":0,"9":0,"10":0,"11":0,"12":0,"13":0},"b":{"0":[0,0],"1":[0],"2":[0,0],"3":[0,0],"4":[0,0],"5":[0,0],"6":[0,0],"7":[0,0],"8":[0,0],"9":[0,0],"10":[0,0],"11":[0,0],"12":[0,0,0],"13":[0,0],"14":[0,0],"15":[0,0]},"_coverageSchema":"1a1c01bbd47fc00a2c39e90264f33305004495a9","hash":"4e00bb8040cd48c3fffced6ce8adfec71c18075a"}
,"/home/chrish/node_workspace/poker-server/src/game/pot.ts": {"path":"/home/chrish/node_workspace/poker-server/src/game/pot.ts","statementMap":{"0":{"start":{"line":14,"column":23},"end":{"line":14,"column":25}},"1":{"start":{"line":15,"column":28},"end":{"line":15,"column":30}},"2":{"start":{"line":19,"column":4},"end":{"line":19,"column":23}},"3":{"start":{"line":20,"column":4},"end":{"line":20,"column":28}},"4":{"start":{"line":21,"column":4},"end":{"line":21,"column":34}},"5":{"start":{"line":35,"column":4},"end":{"line":35,"column":32}},"6":{"start":{"line":36,"column":4},"end":{"line":36,"column":40}},"7":{"start":{"line":36,"column":33},"end":{"line":36,"column":38}},"8":{"start":{"line":70,"column":4},"end":{"line":70,"column":57}},"9":{"start":{"line":71,"column":4},"end":{"line":71,"column":31}},"10":{"start":{"line":74,"column":4},"end":{"line":98,"column":5}},"11":{"start":{"line":75,"column":6},"end":{"line":97,"column":7}},"12":{"start":{"line":76,"column":26},"end":{"line":76,"column":27}},"13":{"start":{"line":77,"column":31},"end":{"line":77,"column":52}},"14":{"start":{"line":80,"column":8},"end":{"line":96,"column":9}},"15":{"start":{"line":80,"column":21},"end":{"line":80,"column":22}},"16":{"start":{"line":81,"column":30},"end":{"line":81,"column":46}},"17":{"start":{"line":82,"column":30},"end":{"line":82,"column":57}},"18":{"start":{"line":85,"column":10},"end":{"line":95,"column":11}},"19":{"start":{"line":86,"column":12},"end":{"line":86,"column":46}},"20":{"start":{"line":87,"column":12},"end":{"line":87,"column":51}},"21":{"start":{"line":88,"column":12},"end":{"line":88,"column":40}},"22":{"start":{"line":93,"column":12},"end":{"line":93,"column":54}},"23":{"start":{"line":94,"column":12},"end":{"line":94,"column":18}},"24":{"start":{"line":109,"column":4},"end":{"line":109,"column":63}},"25":{"start":{"line":110,"column":4},"end":{"line":112,"column":5}},"26":{"start":{"line":110,"column":17},"end":{"line":110,"column":18}},"27":{"start":{"line":111,"column":6},"end":{"line":111,"column":48}},"28":{"start":{"line":114,"column":4},"end":{"line":120,"column":5}},"29":{"start":{"line":115,"column":6},"end":{"line":119,"column":7}},"30":{"start":{"line":115,"column":19},"end":{"line":115,"column":20}},"31":{"start":{"line":116,"column":8},"end":{"line":118,"column":9}},"32":{"start":{"line":117,"column":10},"end":{"line":117,"column":50}},"33":{"start":{"line":127,"column":4},"end":{"line":130,"column":5}},"34":{"start":{"line":127,"column":17},"end":{"line":127,"column":18}},"35":{"start":{"line":128,"column":6},"end":{"line":128,"column":102}},"36":{"start":{"line":129,"column":6},"end":{"line":129,"column":32}},"37":{"start":{"line":150,"column":22},"end":{"line":150,"column":60}},"38":{"start":{"line":151,"column":29},"end":{"line":151,"column":52}},"39":{"start":{"line":153,"column":4},"end":{"line":156,"column":5}},"40":{"start":{"line":153,"column":17},"end":{"line":153,"column":18}},"41":{"start":{"line":154,"column":6},"end":{"line":154,"column":58}},"42":{"start":{"line":155,"column":6},"end":{"line":155,"column":38}},"43":{"start":{"line":158,"column":4},"end":{"line":158,"column":21}},"44":{"start":{"line":167,"column":4},"end":{"line":171,"column":5}},"45":{"start":{"line":167,"column":17},"end":{"line":167,"column":18}},"46":{"start":{"line":168,"column":6},"end":{"line":170,"column":7}},"47":{"start":{"line":169,"column":8},"end":{"line":169,"column":14}},"48":{"start":{"line":172,"column":4},"end":{"line":172,"column":13}},"49":{"start":{"line":180,"column":21},"end":{"line":180,"column":49}},"50":{"start":{"line":181,"column":21},"end":{"line":181,"column":49}},"51":{"start":{"line":182,"column":21},"end":{"line":182,"column":67}},"52":{"start":{"line":183,"column":4},"end":{"line":187,"column":5}},"53":{"start":{"line":183,"column":17},"end":{"line":183,"column":18}},"54":{"start":{"line":184,"column":6},"end":{"line":186,"column":7}},"55":{"start":{"line":185,"column":8},"end":{"line":185,"column":21}},"56":{"start":{"line":188,"column":4},"end":{"line":188,"column":16}},"57":{"start":{"line":199,"column":25},"end":{"line":208,"column":3}},"58":{"start":{"line":200,"column":21},"end":{"line":200,"column":49}},"59":{"start":{"line":201,"column":21},"end":{"line":201,"column":49}},"60":{"start":{"line":202,"column":21},"end":{"line":202,"column":67}},"61":{"start":{"line":203,"column":4},"end":{"line":207,"column":5}},"62":{"start":{"line":203,"column":17},"end":{"line":203,"column":18}},"63":{"start":{"line":204,"column":6},"end":{"line":206,"column":7}},"64":{"start":{"line":205,"column":8},"end":{"line":205,"column":45}},"65":{"start":{"line":219,"column":36},"end":{"line":219,"column":38}},"66":{"start":{"line":220,"column":21},"end":{"line":220,"column":38}},"67":{"start":{"line":222,"column":4},"end":{"line":228,"column":7}},"68":{"start":{"line":223,"column":6},"end":{"line":227,"column":7}},"69":{"start":{"line":224,"column":8},"end":{"line":224,"column":39}},"70":{"start":{"line":225,"column":8},"end":{"line":225,"column":35}},"71":{"start":{"line":226,"column":8},"end":{"line":226,"column":45}},"72":{"start":{"line":230,"column":4},"end":{"line":232,"column":7}},"73":{"start":{"line":231,"column":6},"end":{"line":231,"column":33}},"74":{"start":{"line":234,"column":4},"end":{"line":234,"column":50}},"75":{"start":{"line":236,"column":4},"end":{"line":236,"column":36}},"76":{"start":{"line":237,"column":4},"end":{"line":237,"column":43}},"77":{"start":{"line":238,"column":4},"end":{"line":238,"column":32}}},"fnMap":{"0":{"name":"(anonymous_0)","decl":{"start":{"line":18,"column":2},"end":{"line":18,"column":3}},"loc":{"start":{"line":18,"column":13},"end":{"line":22,"column":3}},"line":18},"1":{"name":"(anonymous_1)","decl":{"start":{"line":34,"column":2},"end":{"line":34,"column":3}},"loc":{"start":{"line":34,"column":31},"end":{"line":37,"column":3}},"line":34},"2":{"name":"(anonymous_2)","decl":{"start":{"line":36,"column":23},"end":{"line":36,"column":24}},"loc":{"start":{"line":36,"column":33},"end":{"line":36,"column":38}},"line":36},"3":{"name":"(anonymous_3)","decl":{"start":{"line":69,"column":2},"end":{"line":69,"column":3}},"loc":{"start":{"line":69,"column":35},"end":{"line":99,"column":3}},"line":69},"4":{"name":"(anonymous_4)","decl":{"start":{"line":108,"column":2},"end":{"line":108,"column":3}},"loc":{"start":{"line":108,"column":45},"end":{"line":121,"column":3}},"line":108},"5":{"name":"(anonymous_5)","decl":{"start":{"line":126,"column":2},"end":{"line":126,"column":3}},"loc":{"start":{"line":126,"column":24},"end":{"line":131,"column":3}},"line":126},"6":{"name":"(anonymous_6)","decl":{"start":{"line":149,"column":2},"end":{"line":149,"column":3}},"loc":{"start":{"line":149,"column":65},"end":{"line":159,"column":3}},"line":149},"7":{"name":"(anonymous_7)","decl":{"start":{"line":166,"column":2},"end":{"line":166,"column":3}},"loc":{"start":{"line":166,"column":34},"end":{"line":173,"column":3}},"line":166},"8":{"name":"(anonymous_8)","decl":{"start":{"line":179,"column":2},"end":{"line":179,"column":3}},"loc":{"start":{"line":179,"column":48},"end":{"line":189,"column":3}},"line":179},"9":{"name":"(anonymous_9)","decl":{"start":{"line":199,"column":25},"end":{"line":199,"column":26}},"loc":{"start":{"line":199,"column":63},"end":{"line":208,"column":3}},"line":199},"10":{"name":"(anonymous_10)","decl":{"start":{"line":218,"column":2},"end":{"line":218,"column":3}},"loc":{"start":{"line":218,"column":39},"end":{"line":239,"column":3}},"line":218},"11":{"name":"(anonymous_11)","decl":{"start":{"line":222,"column":23},"end":{"line":222,"column":24}},"loc":{"start":{"line":222,"column":35},"end":{"line":228,"column":5}},"line":222},"12":{"name":"(anonymous_12)","decl":{"start":{"line":230,"column":21},"end":{"line":230,"column":22}},"loc":{"start":{"line":230,"column":32},"end":{"line":232,"column":5}},"line":230}},"branchMap":{"0":{"loc":{"start":{"line":75,"column":6},"end":{"line":97,"column":7}},"type":"if","locations":[{"start":{"line":75,"column":6},"end":{"line":97,"column":7}},{"start":{"line":75,"column":6},"end":{"line":97,"column":7}}],"line":75},"1":{"loc":{"start":{"line":85,"column":10},"end":{"line":95,"column":11}},"type":"if","locations":[{"start":{"line":85,"column":10},"end":{"line":95,"column":11}},{"start":{"line":85,"column":10},"end":{"line":95,"column":11}}],"line":85},"2":{"loc":{"start":{"line":116,"column":8},"end":{"line":118,"column":9}},"type":"if","locations":[{"start":{"line":116,"column":8},"end":{"line":118,"column":9}},{"start":{"line":116,"column":8},"end":{"line":118,"column":9}}],"line":116},"3":{"loc":{"start":{"line":168,"column":6},"end":{"line":170,"column":7}},"type":"if","locations":[{"start":{"line":168,"column":6},"end":{"line":170,"column":7}},{"start":{"line":168,"column":6},"end":{"line":170,"column":7}}],"line":168},"4":{"loc":{"start":{"line":184,"column":6},"end":{"line":186,"column":7}},"type":"if","locations":[{"start":{"line":184,"column":6},"end":{"line":186,"column":7}},{"start":{"line":184,"column":6},"end":{"line":186,"column":7}}],"line":184},"5":{"loc":{"start":{"line":204,"column":6},"end":{"line":206,"column":7}},"type":"if","locations":[{"start":{"line":204,"column":6},"end":{"line":206,"column":7}},{"start":{"line":204,"column":6},"end":{"line":206,"column":7}}],"line":204},"6":{"loc":{"start":{"line":223,"column":6},"end":{"line":227,"column":7}},"type":"if","locations":[{"start":{"line":223,"column":6},"end":{"line":227,"column":7}},{"start":{"line":223,"column":6},"end":{"line":227,"column":7}}],"line":223},"7":{"loc":{"start":{"line":223,"column":10},"end":{"line":223,"column":43}},"type":"binary-expr","locations":[{"start":{"line":223,"column":10},"end":{"line":223,"column":25}},{"start":{"line":223,"column":29},"end":{"line":223,"column":43}}],"line":223}},"s":{"0":4,"1":4,"2":0,"3":0,"4":0,"5":6,"6":6,"7":6,"8":3,"9":3,"10":3,"11":18,"12":18,"13":18,"14":18,"15":18,"16":23,"17":23,"18":23,"19":5,"20":5,"21":5,"22":18,"23":18,"24":3,"25":3,"26":3,"27":6,"28":3,"29":6,"30":6,"31":14,"32":10,"33":3,"34":3,"35":6,"36":6,"37":6,"38":6,"39":6,"40":6,"41":9,"42":9,"43":6,"44":6,"45":6,"46":4,"47":1,"48":6,"49":4,"50":4,"51":4,"52":4,"53":4,"54":16,"55":1,"56":3,"57":4,"58":3,"59":3,"60":3,"61":3,"62":3,"63":11,"64":1,"65":3,"66":3,"67":3,"68":18,"69":6,"70":6,"71":6,"72":3,"73":6,"74":3,"75":3,"76":3,"77":3},"f":{"0":0,"1":6,"2":6,"3":3,"4":3,"5":3,"6":6,"7":6,"8":4,"9":3,"10":3,"11":18,"12":6},"b":{"0":[18,0],"1":[5,18],"2":[10,4],"3":[1,3],"4":[1,15],"5":[1,10],"6":[6,12],"7":[18,18]},"_coverageSchema":"1a1c01bbd47fc00a2c39e90264f33305004495a9","hash":"47120437e499d8781f1f29dfc78d4eac00feee15"}
}
