TN:
SF:src/game/hand-ranker.ts
FN:91,(anonymous_0)
FN:102,(anonymous_1)
FN:123,(anonymous_2)
FN:159,(anonymous_3)
FN:196,(anonymous_4)
FN:233,(anonymous_5)
FN:283,(anonymous_6)
FN:371,(anonymous_7)
FN:384,(anonymous_8)
FN:392,(anonymous_9)
FNF:10
FNH:9
FNDA:18,(anonymous_0)
FNDA:1,(anonymous_1)
FNDA:133,(anonymous_2)
FNDA:6,(anonymous_3)
FNDA:6,(anonymous_4)
FNDA:6,(anonymous_5)
FNDA:6,(anonymous_6)
FNDA:48,(anonymous_7)
FNDA:59,(anonymous_8)
FNDA:0,(anonymous_9)
DA:64,18
DA:65,18
DA:66,18
DA:67,18
DA:68,18
DA:69,18
DA:70,18
DA:71,18
DA:72,18
DA:73,18
DA:75,18
DA:78,18
DA:79,18
DA:80,18
DA:81,18
DA:82,18
DA:83,18
DA:84,18
DA:87,18
DA:88,18
DA:89,18
DA:92,18
DA:93,18
DA:94,18
DA:95,18
DA:104,1
DA:105,1
DA:107,1
DA:108,1
DA:109,1
DA:110,1
DA:112,1
DA:113,1
DA:124,133
DA:125,0
DA:127,133
DA:128,57
DA:130,133
DA:131,75
DA:133,133
DA:134,1
DA:137,133
DA:138,20
DA:139,20
DA:142,113
DA:144,133
DA:145,133
DA:146,0
DA:160,6
DA:161,6
DA:162,6
DA:163,6
DA:164,6
DA:165,6
DA:166,6
DA:167,6
DA:198,6
DA:199,0
DA:203,6
DA:205,11
DA:206,0
DA:207,0
DA:208,0
DA:213,6
DA:214,0
DA:215,0
DA:216,0
DA:217,0
DA:221,6
DA:235,6
DA:237,24
DA:238,0
DA:240,0
DA:241,0
DA:245,0
DA:246,0
DA:247,0
DA:284,6
DA:285,0
DA:286,0
DA:287,0
DA:288,0
DA:290,6
DA:291,0
DA:292,0
DA:293,0
DA:294,0
DA:298,6
DA:299,0
DA:300,0
DA:301,0
DA:303,6
DA:304,1
DA:305,0
DA:306,0
DA:307,0
DA:309,1
DA:310,1
DA:311,1
DA:312,1
DA:313,1
DA:316,5
DA:317,5
DA:318,0
DA:319,0
DA:320,0
DA:321,0
DA:323,5
DA:324,5
DA:325,5
DA:326,5
DA:327,5
DA:328,5
DA:332,0
DA:333,0
DA:334,0
DA:335,0
DA:336,0
DA:337,0
DA:338,0
DA:371,18
DA:372,48
DA:373,36
DA:376,12
DA:384,18
DA:385,59
DA:392,18
DA:393,0
LF:128
LH:86
BRDA:124,0,0,0
BRDA:124,0,1,133
BRDA:127,1,0,57
BRDA:127,1,1,76
BRDA:130,2,0,75
BRDA:130,2,1,58
BRDA:133,3,0,1
BRDA:133,3,1,132
BRDA:137,4,0,20
BRDA:137,4,1,113
BRDA:145,5,0,0
BRDA:145,5,1,133
BRDA:198,6,0,0
BRDA:198,6,1,6
BRDA:198,7,0,6
BRDA:198,7,1,6
BRDA:205,8,0,0
BRDA:205,8,1,11
BRDA:213,9,0,0
BRDA:213,9,1,6
BRDA:214,10,0,0
BRDA:214,10,1,0
BRDA:237,11,0,0
BRDA:237,11,1,24
BRDA:240,12,0,0
BRDA:240,12,1,0
BRDA:284,13,0,0
BRDA:284,13,1,6
BRDA:290,14,0,0
BRDA:290,14,1,6
BRDA:290,15,0,6
BRDA:290,15,1,5
BRDA:298,16,0,0
BRDA:298,16,1,6
BRDA:298,17,0,6
BRDA:298,17,1,0
BRDA:303,18,0,1
BRDA:303,18,1,5
BRDA:303,19,0,6
BRDA:303,19,1,1
BRDA:304,20,0,0
BRDA:304,20,1,1
BRDA:309,21,0,1
BRDA:309,21,1,0
BRDA:309,22,0,1
BRDA:309,22,1,1
BRDA:316,23,0,5
BRDA:316,23,1,0
BRDA:316,24,0,5
BRDA:316,24,1,5
BRDA:317,25,0,0
BRDA:317,25,1,5
BRDA:323,26,0,5
BRDA:323,26,1,0
BRDA:323,27,0,5
BRDA:323,27,1,5
BRDA:332,28,0,0
BRDA:332,28,1,0
BRDA:372,29,0,36
BRDA:372,29,1,12
BRF:60
BRH:39
end_of_record
TN:
SF:src/game/player.ts
FN:37,(anonymous_0)
FN:42,(anonymous_1)
FN:49,(anonymous_2)
FN:58,(anonymous_3)
FN:67,(anonymous_4)
FN:75,(anonymous_5)
FN:104,(anonymous_6)
FN:121,(anonymous_7)
FN:175,(anonymous_8)
FN:222,(anonymous_9)
FN:234,(anonymous_10)
FN:243,(anonymous_11)
FN:252,(anonymous_12)
FN:264,(anonymous_13)
FNF:14
FNH:3
FNDA:18,(anonymous_0)
FNDA:0,(anonymous_1)
FNDA:0,(anonymous_2)
FNDA:9,(anonymous_3)
FNDA:133,(anonymous_4)
FNDA:0,(anonymous_5)
FNDA:0,(anonymous_6)
FNDA:0,(anonymous_7)
FNDA:0,(anonymous_8)
FNDA:0,(anonymous_9)
FNDA:0,(anonymous_10)
FNDA:0,(anonymous_11)
FNDA:0,(anonymous_12)
FNDA:0,(anonymous_13)
DA:13,18
DA:15,18
DA:16,18
DA:17,18
DA:18,18
DA:19,18
DA:22,18
DA:23,18
DA:24,18
DA:25,18
DA:26,18
DA:27,18
DA:28,18
DA:29,18
DA:30,18
DA:31,18
DA:34,18
DA:35,18
DA:38,18
DA:39,18
DA:43,0
DA:50,0
DA:51,0
DA:52,0
DA:59,9
DA:60,9
DA:68,133
DA:77,0
DA:78,0
DA:81,0
DA:82,0
DA:83,0
DA:86,0
DA:87,0
DA:88,0
DA:89,0
DA:90,0
DA:91,0
DA:92,0
DA:93,0
DA:96,0
DA:97,0
DA:105,0
DA:106,0
DA:107,0
DA:108,0
DA:111,0
DA:113,0
DA:114,0
DA:122,0
DA:123,0
DA:124,0
DA:125,0
DA:126,0
DA:176,0
DA:177,0
DA:179,0
DA:182,0
DA:183,0
DA:184,0
DA:188,0
DA:189,0
DA:190,0
DA:191,0
DA:196,0
DA:197,0
DA:198,0
DA:199,0
DA:200,0
DA:204,0
DA:205,0
DA:209,0
DA:210,0
DA:211,0
DA:212,0
DA:213,0
DA:223,0
DA:224,0
DA:226,0
DA:227,0
DA:228,0
DA:229,0
DA:230,0
DA:235,0
DA:236,0
DA:237,0
DA:239,0
DA:240,0
DA:244,0
DA:245,0
DA:246,0
DA:248,0
DA:249,0
DA:253,0
DA:254,0
DA:255,0
DA:257,0
DA:259,0
DA:260,0
DA:261,0
DA:265,0
DA:266,0
DA:268,0
DA:272,1
LF:104
LH:24
BRDA:105,0,0,0
BRDA:105,0,1,0
BRDA:175,1,0,0
BRDA:182,2,0,0
BRDA:182,2,1,0
BRDA:188,3,0,0
BRDA:188,3,1,0
BRDA:204,4,0,0
BRDA:204,4,1,0
BRDA:209,5,0,0
BRDA:209,5,1,0
BRDA:209,6,0,0
BRDA:209,6,1,0
BRDA:212,7,0,0
BRDA:212,7,1,0
BRDA:223,8,0,0
BRDA:223,8,1,0
BRDA:229,9,0,0
BRDA:229,9,1,0
BRDA:235,10,0,0
BRDA:235,10,1,0
BRDA:244,11,0,0
BRDA:244,11,1,0
BRDA:244,12,0,0
BRDA:244,12,1,0
BRDA:244,12,2,0
BRDA:253,13,0,0
BRDA:253,13,1,0
BRDA:253,14,0,0
BRDA:253,14,1,0
BRDA:265,15,0,0
BRDA:265,15,1,0
BRF:32
BRH:0
end_of_record
TN:
SF:src/game/pot.ts
FN:18,(anonymous_0)
FN:34,(anonymous_1)
FN:36,(anonymous_2)
FN:69,(anonymous_3)
FN:108,(anonymous_4)
FN:126,(anonymous_5)
FN:149,(anonymous_6)
FN:166,(anonymous_7)
FN:179,(anonymous_8)
FN:199,(anonymous_9)
FN:218,(anonymous_10)
FN:222,(anonymous_11)
FN:230,(anonymous_12)
FNF:13
FNH:12
FNDA:0,(anonymous_0)
FNDA:6,(anonymous_1)
FNDA:6,(anonymous_2)
FNDA:3,(anonymous_3)
FNDA:3,(anonymous_4)
FNDA:3,(anonymous_5)
FNDA:6,(anonymous_6)
FNDA:6,(anonymous_7)
FNDA:4,(anonymous_8)
FNDA:3,(anonymous_9)
FNDA:3,(anonymous_10)
FNDA:18,(anonymous_11)
FNDA:6,(anonymous_12)
DA:14,4
DA:15,4
DA:19,0
DA:20,0
DA:21,0
DA:35,6
DA:36,6
DA:70,3
DA:71,3
DA:74,3
DA:75,18
DA:76,18
DA:77,18
DA:80,18
DA:81,23
DA:82,23
DA:85,23
DA:86,5
DA:87,5
DA:88,5
DA:93,18
DA:94,18
DA:109,3
DA:110,3
DA:111,6
DA:114,3
DA:115,6
DA:116,14
DA:117,10
DA:127,3
DA:128,6
DA:129,6
DA:150,6
DA:151,6
DA:153,6
DA:154,9
DA:155,9
DA:158,6
DA:167,6
DA:168,4
DA:169,1
DA:172,6
DA:180,4
DA:181,4
DA:182,4
DA:183,4
DA:184,16
DA:185,1
DA:188,3
DA:199,4
DA:200,3
DA:201,3
DA:202,3
DA:203,3
DA:204,11
DA:205,1
DA:219,3
DA:220,3
DA:222,3
DA:223,18
DA:224,6
DA:225,6
DA:226,6
DA:230,3
DA:231,6
DA:234,3
DA:236,3
DA:237,3
DA:238,3
LF:69
LH:66
BRDA:75,0,0,18
BRDA:75,0,1,0
BRDA:85,1,0,5
BRDA:85,1,1,18
BRDA:116,2,0,10
BRDA:116,2,1,4
BRDA:168,3,0,1
BRDA:168,3,1,3
BRDA:184,4,0,1
BRDA:184,4,1,15
BRDA:204,5,0,1
BRDA:204,5,1,10
BRDA:223,6,0,6
BRDA:223,6,1,12
BRDA:223,7,0,18
BRDA:223,7,1,18
BRF:16
BRH:15
end_of_record
